[probe] kernel: 6.18.9-arch1-2
[probe] /dev/uhid present: True
[probe] rdesc length: 324 bytes
[probe] module hid_universal_pidff already loaded/built-in
[probe] module hid_microsoft already loaded/built-in
[probe] module hid already loaded/built-in
[probe] UHID device created; dispatching events for 2s to let kernel bind
[probe] sys_path: /sys/devices/virtual/misc/uhid/0003:11FF:F045.02AE
[probe] hidraw_nodes: ['/dev/hidraw2']
[probe] device_nodes: ['/dev/input/event13']

=== VERDICT ===
{
  "kernel": "6.18.9-arch1-2",
  "rdesc_len": 324,
  "vid_pid": "11ff:f045",
  "bus": "USB",
  "sys_path": "/sys/devices/virtual/misc/uhid/0003:11FF:F045.02AE",
  "hidraw_nodes": [
    "/dev/hidraw2"
  ],
  "evdev_nodes": [
    "/dev/input/event13"
  ],
  "ff_capabilities": {
    "event13": "0"
  },
  "modalias": "hid:b0003g0001v000011FFp0000F045",
  "bound_driver": "hid-generic",
  "dmesg_slice": "padctl-wave6-probe-mark-1-1777023963\ninput: Ardor Silverstone (Wave6 Probe) as /devices/virtual/misc/uhid/0003:11FF:F045.02AE/input/input708\nhid-generic 0003:11FF:F045.02AE: input,hidraw2: USB HID v0.00 Joystick [Ardor Silverstone (Wave6 Probe)] on padctl/wave6-probe\ninput: padctl-main as /devices/virtual/misc/uhid/0003:FADE:C001.02AF/input/input709\ninput: padctl-imu as /devices/virtual/misc/uhid/0003:FADE:C002.02B0/input/input710\nhid-generic 0003:FADE:C001.02AF: input,hidraw3: USB HID v0.00 Gamepad [padctl-main] on \nhid-generic 0003:FADE:C002.02B0: input,hidraw13: USB HID v0.00 Multi-Axis Controller [padctl-imu] on \n",
  "uhid_output_events_seen": 0,
  "BUSTYPE_ACCEPTED": true,
  "PIDFF_DRIVER_BOUND": false,
  "FFB_INITIALIZED": false,
  "FFB_INIT_ERROR": false,
  "KERNEL_OOPS": false,
  "PIDFF_BOUND": false,
  "verdict_basis": {
    "driver_sysfs_link": "hid-generic",
    "ff_caps_nonzero": false,
    "pidff_driver_sysfs_match": false,
    "pidff_init_log_in_dmesg": false,
    "dmesg_shows_pidff_bind": false
  }
}
