{"synthetic": false,
 "schemaVersion": "2025-09-10",
 "outputs":
 {"o": ["929ef72ef2cbd0c4.olean"],
  "i": "752028668713b693.ilean",
  "c": "f559e0bf1e109acb.c"},
 "log":
 [{"message":
   ".> LEAN_PATH=/home/jim_z/Dev/padctl/formal/lean/.lake/build/lib/lean /home/jim_z/.elan/toolchains/leanprover--lean4---v4.29.0/bin/lean /home/jim_z/Dev/padctl/formal/lean/Padctl/Mapper.lean -o /home/jim_z/Dev/padctl/formal/lean/.lake/build/lib/lean/Padctl/Mapper.olean -i /home/jim_z/Dev/padctl/formal/lean/.lake/build/lib/lean/Padctl/Mapper.ilean -c /home/jim_z/Dev/padctl/formal/lean/.lake/build/ir/Padctl/Mapper.c --setup /home/jim_z/Dev/padctl/formal/lean/.lake/build/ir/Padctl/Mapper.setup.json --json",
   "level": "trace"}],
 "inputs":
 [["Padctl.Mapper:deps",
   [["deps",
     [["padctl/Padctl:extraDep", [["@padctl:extraDep", "00000000000006bb"]]],
      ["imports",
       [["Padctl.State transitive imports (legacy)", "37c2f17ccbeaa3ce"],
        ["Padctl.State:importAllArts", "79c3ca53cb5608fd"]]]]],
    ["libs",
     [["import dynlibs", "00000000000006bb"],
      ["package external libraries", "00000000000006bb"],
      ["module dynlibs", "00000000000006bb"],
      ["module plugins", "00000000000006bb"]]]]],
  ["Lean 4.29.0, commit 98dc76e3c0a9b856c9b98726b713fb04fab16740",
   "60bb08ef22408c8a"],
  ["/home/jim_z/Dev/padctl/formal/lean/Padctl/Mapper.lean", "411cfba6637df542"],
  ["options", [["-DautoImplicit=false", "4a85acb881fd49d0"]]],
  ["isModule: false", "feefd2a0d3a1847e"],
  ["Module.name: Padctl.Mapper", "b7b1d37a88651b48"],
  ["Package.id?: (some padctl)", "eabb2e54b7219324"],
  ["Module.leanArgs: #[]", "00000000000006bb"]],
 "depHash": "e13d1227d306f6f9"}