{"synthetic": false,
 "schemaVersion": "2025-09-10",
 "outputs":
 {"o": ["87362f7b798e5f46.olean"],
  "i": "67d998e5b7fdc923.ilean",
  "c": "3545af2ca0b9f4e2.c"},
 "log":
 [{"message":
   ".> LEAN_PATH=/home/jim_z/Dev/padctl/formal/lean/.lake/build/lib/lean /home/jim_z/.elan/toolchains/leanprover--lean4---v4.29.0/bin/lean /home/jim_z/Dev/padctl/formal/lean/Padctl/Properties.lean -o /home/jim_z/Dev/padctl/formal/lean/.lake/build/lib/lean/Padctl/Properties.olean -i /home/jim_z/Dev/padctl/formal/lean/.lake/build/lib/lean/Padctl/Properties.ilean -c /home/jim_z/Dev/padctl/formal/lean/.lake/build/ir/Padctl/Properties.c --setup /home/jim_z/Dev/padctl/formal/lean/.lake/build/ir/Padctl/Properties.setup.json --json",
   "level": "trace"}],
 "inputs":
 [["Padctl.Properties:deps",
   [["deps",
     [["padctl/Padctl:extraDep", [["@padctl:extraDep", "00000000000006bb"]]],
      ["imports",
       [["Padctl.Transform transitive imports (legacy)", "37c2f17ccbeaa3ce"],
        ["Padctl.Transform:importAllArts", "b5ba5cdc23003e15"],
        ["Padctl.Interpreter transitive imports (legacy)", "37c2f17ccbeaa3ce"],
        ["Padctl.Interpreter:importAllArts", "ca8e37c9208b656f"],
        ["Padctl.State transitive imports (legacy)", "37c2f17ccbeaa3ce"],
        ["Padctl.State:importAllArts", "79c3ca53cb5608fd"],
        ["Padctl.Mapper transitive imports (legacy)", "12a963eb6db752a1"],
        ["Padctl.Mapper:importAllArts", "7e27f3648d442d5c"]]]]],
    ["libs",
     [["import dynlibs", "00000000000006bb"],
      ["package external libraries", "00000000000006bb"],
      ["module dynlibs", "00000000000006bb"],
      ["module plugins", "00000000000006bb"]]]]],
  ["Lean 4.29.0, commit 98dc76e3c0a9b856c9b98726b713fb04fab16740",
   "60bb08ef22408c8a"],
  ["/home/jim_z/Dev/padctl/formal/lean/Padctl/Properties.lean",
   "5bd656d498dff408"],
  ["options", [["-DautoImplicit=false", "4a85acb881fd49d0"]]],
  ["isModule: false", "feefd2a0d3a1847e"],
  ["Module.name: Padctl.Properties", "e48bd437faf60d10"],
  ["Package.id?: (some padctl)", "eabb2e54b7219324"],
  ["Module.leanArgs: #[]", "00000000000006bb"]],
 "depHash": "2ccc2b1e2c9224c7"}