{"synthetic": false,
 "schemaVersion": "2025-09-10",
 "outputs":
 {"o": ["c4caaaa801e8a631.olean"],
  "i": "2f42dc9d0d25a31d.ilean",
  "c": "34b4b8b591a0b829.c"},
 "log":
 [{"message":
   ".> LEAN_PATH=/home/jim_z/Dev/padctl/formal/lean/.lake/build/lib/lean /home/jim_z/.elan/toolchains/leanprover--lean4---v4.29.0/bin/lean /home/jim_z/Dev/padctl/formal/lean/Padctl/Types.lean -o /home/jim_z/Dev/padctl/formal/lean/.lake/build/lib/lean/Padctl/Types.olean -i /home/jim_z/Dev/padctl/formal/lean/.lake/build/lib/lean/Padctl/Types.ilean -c /home/jim_z/Dev/padctl/formal/lean/.lake/build/ir/Padctl/Types.c --setup /home/jim_z/Dev/padctl/formal/lean/.lake/build/ir/Padctl/Types.setup.json --json",
   "level": "trace"}],
 "inputs":
 [["Padctl.Types:deps",
   [["deps",
     [["padctl/Padctl:extraDep", [["@padctl:extraDep", "00000000000006bb"]]],
      ["imports", "00000000000006bb"]]],
    ["libs",
     [["import dynlibs", "00000000000006bb"],
      ["package external libraries", "00000000000006bb"],
      ["module dynlibs", "00000000000006bb"],
      ["module plugins", "00000000000006bb"]]]]],
  ["Lean 4.29.0, commit 98dc76e3c0a9b856c9b98726b713fb04fab16740",
   "60bb08ef22408c8a"],
  ["/home/jim_z/Dev/padctl/formal/lean/Padctl/Types.lean", "177539c3955fb2fe"],
  ["options", [["-DautoImplicit=false", "4a85acb881fd49d0"]]],
  ["isModule: false", "feefd2a0d3a1847e"],
  ["Module.name: Padctl.Types", "7d8c8310d75cc241"],
  ["Package.id?: (some padctl)", "eabb2e54b7219324"],
  ["Module.leanArgs: #[]", "00000000000006bb"]],
 "depHash": "c64a3cd1fc84515f"}