{"synthetic": false,
 "schemaVersion": "2025-09-10",
 "outputs":
 {"o": ["e0d375d67c88edd3.olean"],
  "i": "2f734fb583d95403.ilean",
  "c": "7ceec20f703f6116.c"},
 "log":
 [{"message":
   ".> LEAN_PATH=/home/jim_z/Dev/padctl/formal/lean/.lake/build/lib/lean /home/jim_z/.elan/toolchains/leanprover--lean4---v4.29.0/bin/lean /home/jim_z/Dev/padctl/formal/lean/Padctl.lean -o /home/jim_z/Dev/padctl/formal/lean/.lake/build/lib/lean/Padctl.olean -i /home/jim_z/Dev/padctl/formal/lean/.lake/build/lib/lean/Padctl.ilean -c /home/jim_z/Dev/padctl/formal/lean/.lake/build/ir/Padctl.c --setup /home/jim_z/Dev/padctl/formal/lean/.lake/build/ir/Padctl.setup.json --json",
   "level": "trace"}],
 "inputs":
 [["Padctl:deps",
   [["deps",
     [["padctl/Padctl:extraDep", [["@padctl:extraDep", "00000000000006bb"]]],
      ["imports",
       [["Padctl.Types transitive imports (legacy)", "00000000000006bb"],
        ["Padctl.Types:importAllArts", "1a981fbe1cc5d34a"],
        ["Padctl.Transform transitive imports (legacy)", "37c2f17ccbeaa3ce"],
        ["Padctl.Transform:importAllArts", "b5ba5cdc23003e15"],
        ["Padctl.Interpreter transitive imports (legacy)", "37c2f17ccbeaa3ce"],
        ["Padctl.Interpreter:importAllArts", "ca8e37c9208b656f"],
        ["Padctl.State transitive imports (legacy)", "37c2f17ccbeaa3ce"],
        ["Padctl.State:importAllArts", "79c3ca53cb5608fd"],
        ["Padctl.Mapper transitive imports (legacy)", "12a963eb6db752a1"],
        ["Padctl.Mapper:importAllArts", "7e27f3648d442d5c"],
        ["Padctl.Properties transitive imports (legacy)", "a8e8c6b9757b9084"],
        ["Padctl.Properties:importAllArts", "035c52b55d610178"]]]]],
    ["libs",
     [["import dynlibs", "00000000000006bb"],
      ["package external libraries", "00000000000006bb"],
      ["module dynlibs", "00000000000006bb"],
      ["module plugins", "00000000000006bb"]]]]],
  ["Lean 4.29.0, commit 98dc76e3c0a9b856c9b98726b713fb04fab16740",
   "60bb08ef22408c8a"],
  ["/home/jim_z/Dev/padctl/formal/lean/Padctl.lean", "32f9ffe25d47a5d5"],
  ["options", [["-DautoImplicit=false", "4a85acb881fd49d0"]]],
  ["isModule: false", "feefd2a0d3a1847e"],
  ["Module.name: Padctl", "dd3d89b7c676e80f"],
  ["Package.id?: (some padctl)", "eabb2e54b7219324"],
  ["Module.leanArgs: #[]", "00000000000006bb"]],
 "depHash": "4e3224efce32c475"}